<?xml version="1.0" encoding="UTF-8"?>
<!-- Generated by org.testng.reporters.JUnitXMLReporter -->
<testsuite ignored="0" hostname="VICTORs-MacBook-Pro.local" failures="0" tests="4" name="Command line test" time="0.147" errors="0" timestamp="2021-09-17T17:29:59 PET">
  <testcase classname="cs.ing.software.lab1.PruebaTest" name="Test01" time="0.041"/>
  <testcase classname="cs.ing.software.lab1.PruebaTest" name="Test02" time="0.009"/>
  <testcase classname="cs.ing.software.lab1.PruebaTest" name="Test03" time="0.0"/>
  <testcase classname="cs.ing.software.lab1.PruebaTest" name="Test04" time="0.0"/>
</testsuite> <!-- Command line test -->
