<?xml version="1.0" encoding="UTF-8"?>
<testng-results ignored="0" total="0" passed="0" failed="0" skipped="0">
  <reporter-output>
  </reporter-output>
  <suite started-at="2021-09-18T18:57:25 PET" name="cs.ing.software.lab1.PruebaTest" finished-at="2021-09-18T18:57:25 PET" duration-ms="26">
    <groups>
    </groups>
    <test started-at="2021-09-18T18:57:25 PET" name="Command line test" finished-at="2021-09-18T18:57:25 PET" duration-ms="26">
    </test> <!-- Command line test -->
  </suite> <!-- cs.ing.software.lab1.PruebaTest -->
</testng-results>
