<?xml version="1.0" encoding="UTF-8"?>
<testng-results ignored="0" total="1" passed="1" failed="0" skipped="0">
  <reporter-output>
  </reporter-output>
  <suite started-at="2021-09-11T20:05:47 PET" name="cs.ing.software.lab1.PruebaTest" finished-at="2021-09-11T20:05:47 PET" duration-ms="283">
    <groups>
    </groups>
    <test started-at="2021-09-11T20:05:47 PET" name="Command line test" finished-at="2021-09-11T20:05:47 PET" duration-ms="283">
      <class name="cs.ing.software.lab1.PruebaTest">
        <test-method signature="Test01()[pri:0, instance:cs.ing.software.lab1.PruebaTest@d2de489]" started-at="2021-09-11T20:05:47 PET" name="Test01" finished-at="2021-09-11T20:05:47 PET" duration-ms="130" status="PASS">
          <reporter-output>
          </reporter-output>
        </test-method> <!-- Test01 -->
      </class> <!-- cs.ing.software.lab1.PruebaTest -->
    </test> <!-- Command line test -->
  </suite> <!-- cs.ing.software.lab1.PruebaTest -->
</testng-results>
